[LOG] System::create                           : Header version = 1.10.04. Current version = 1.10.04.
[LOG] Manager::init                            : maxchannels = 256 studioflags = 00000006 flags 00000000 extradriverdata 0000000000000000.
[LOG] SystemI::init                            : Initialize version=11004 (93853), maxchannels=256, flags=0x00020000
[LOG] SystemI::setOutputInternal               : Setting output to 'FMOD WASAPI Output'
[LOG] OutputWASAPI::init                       : Mix Format (WAVEFORMATEX): wFormatTag=0xFFFE, nChannels=2, nSamplesPerSec=44100, nAvgBytesPerSec=352800, nBlockAlign=8, wBitsPerSample=32, cbSize=22.
[LOG] OutputWASAPI::init                       : Mix Format (WAVEFORMATEXTENSIBLE): wValidBitsPerSample=32, dwChannelMask=0x00000003, SubFormat=00000003-0000-0010-8000-00AA00389B71.
[LOG] OutputWASAPI::init                       : Output buffer size: 3760 samples, latency: 0.00ms, period: 10.16ms, DSP buffer: 1024 * 4
[WRN] SystemI::init                            : Output requires a sample rate of 44100Hz, resampling will occur.
[LOG] Thread::initThread                       : Init FMOD stream thread. Priority: 2, Stack Size: 65536, Semaphore: No, Sleep Time: 10, Looping: Yes.
[LOG] Thread::initThread                       : Init FMOD mixer thread. Priority: 3, Stack Size: 49152, Semaphore: No, Sleep Time: 0, Looping: Yes.
[LOG] AsyncManager::init                       : manager 000000003409B1F8 isAsync 0 updatePeriod 0.02
[LOG] AsyncManager::init                       : done
[LOG] PlaybackSystem::init                     : 
[LOG] Thread::initThread                       : Init FMOD Studio sample load thread. Priority: 0, Stack Size: 65536, Semaphore: No, Sleep Time: 1, Looping: No.
[LOG] PlaybackSystem::init                     : done
[LOG] Thread::initThread                       : Init FMOD Studio bank load thread. Priority: 0, Stack Size: 65536, Semaphore: No, Sleep Time: 1, Looping: No.
[LOG] Manager::init                            : done.
[LOG] Manager::readBank                        : fileversion = 100, compatVersion = 99 (oldest = 44, newest = 100)
[LOG] SystemI::createSoundInternal             : Create name='', mode=0x02000202
[LOG] SystemI::createSoundInternal             : exinfo->cbsize             = 232
[LOG] SystemI::createSoundInternal             : exinfo->length             = 6259424
[LOG] SystemI::createSoundInternal             : exinfo->fileoffset         = 37024
[LOG] SystemI::createSoundInternal             : exinfo->numsubsounds       = 1
[LOG] SystemI::createSoundInternal             : exinfo->inclusionlist      = 00000000FC80F5FC
[LOG] SystemI::createSoundInternal             : exinfo->inclusionlistnum   = 1
[LOG] SystemI::createSoundInternal             : exinfo->suggestedsoundtype = 5
[LOG] SystemI::createSoundInternal             : exinfo->useropen           = 00007FFA5E24E310
[LOG] SystemI::createSoundInternal             : exinfo->userclose          = 00007FFA5E24E2E0
[LOG] SystemI::createSoundInternal             : exinfo->userread           = 00007FFA5E24E3E0
[LOG] SystemI::createSoundInternal             : exinfo->userseek           = 00007FFA5E24E490
[LOG] SystemI::createSoundInternal             : exinfo->fileuserdata       = 00000000C1F33F98
[LOG] SystemI::createSoundInternal             : exinfo->initialseekpostype = 1
[LOG] SystemI::DSPCodecPoolRegister            : register codec pool for pool type 5
[LOG] SystemI::createSoundInternal             : Sample 0/1: name='Landing', format=2, channels=2, frequency=48000, lengthbytes=7488, lengthpcm=24000, pcmblocksize=0, loopstart=0, loopend=0, mode=0x00000000, channelmask=0x00000000, channelorder=0, peakvolume=0.988500.
[LOG] SystemI::createSoundInternal             : Create name='', mode=0x02000202
[LOG] SystemI::createSoundInternal             : exinfo->cbsize             = 232
[LOG] SystemI::createSoundInternal             : exinfo->length             = 6259424
[LOG] SystemI::createSoundInternal             : exinfo->fileoffset         = 37024
[LOG] SystemI::createSoundInternal             : exinfo->numsubsounds       = 1
[LOG] SystemI::createSoundInternal             : exinfo->inclusionlist      = 00000000FC80F5FC
[LOG] SystemI::createSoundInternal             : exinfo->inclusionlistnum   = 1
[LOG] SystemI::createSoundInternal             : exinfo->suggestedsoundtype = 5
[LOG] SystemI::createSoundInternal             : exinfo->useropen           = 00007FFA5E24E310
[LOG] SystemI::createSoundInternal             : exinfo->userclose          = 00007FFA5E24E2E0
[LOG] SystemI::createSoundInternal             : exinfo->userread           = 00007FFA5E24E3E0
[LOG] SystemI::createSoundInternal             : exinfo->userseek           = 00007FFA5E24E490
[LOG] SystemI::createSoundInternal             : exinfo->fileuserdata       = 00000000C1F30858
[LOG] SystemI::createSoundInternal             : exinfo->initialseekpostype = 1
[LOG] SystemI::DSPCodecPoolRegister            : register codec pool for pool type 5
[LOG] SystemI::createSoundInternal             : Sample 0/1: name='Footsteps 1', format=2, channels=2, frequency=48000, lengthbytes=7808, lengthpcm=25374, pcmblocksize=0, loopstart=0, loopend=0, mode=0x00000000, channelmask=0x00000000, channelorder=0, peakvolume=0.621042.
[LOG] SystemI::createSoundInternal             : Create name='', mode=0x02000202
[LOG] SystemI::createSoundInternal             : exinfo->cbsize             = 232
[LOG] SystemI::createSoundInternal             : exinfo->length             = 6259424
[LOG] SystemI::createSoundInternal             : exinfo->fileoffset         = 37024
[LOG] SystemI::createSoundInternal             : exinfo->numsubsounds       = 1
[LOG] SystemI::createSoundInternal             : exinfo->inclusionlist      = 00000000FC80F5FC
[LOG] SystemI::createSoundInternal             : exinfo->inclusionlistnum   = 1
[LOG] SystemI::createSoundInternal             : exinfo->suggestedsoundtype = 5
[LOG] SystemI::createSoundInternal             : exinfo->useropen           = 00007FFA5E24E310
[LOG] SystemI::createSoundInternal             : exinfo->userclose          = 00007FFA5E24E2E0
[LOG] SystemI::createSoundInternal             : exinfo->userread           = 00007FFA5E24E3E0
[LOG] SystemI::createSoundInternal             : exinfo->userseek           = 00007FFA5E24E490
[LOG] SystemI::createSoundInternal             : exinfo->fileuserdata       = 00000000C1F30858
[LOG] SystemI::createSoundInternal             : exinfo->initialseekpostype = 1
[LOG] SystemI::DSPCodecPoolRegister            : register codec pool for pool type 5
[LOG] SystemI::createSoundInternal             : Sample 0/1: name='Footsteps 5', format=2, channels=2, frequency=48000, lengthbytes=8320, lengthpcm=26699, pcmblocksize=0, loopstart=0, loopend=0, mode=0x00000000, channelmask=0x00000000, channelorder=0, peakvolume=0.988500.
[LOG] SystemI::createSoundInternal             : Create name='', mode=0x02000202
[LOG] SystemI::createSoundInternal             : exinfo->cbsize             = 232
[LOG] SystemI::createSoundInternal             : exinfo->length             = 6259424
[LOG] SystemI::createSoundInternal             : exinfo->fileoffset         = 37024
[LOG] SystemI::createSoundInternal             : exinfo->numsubsounds       = 1
[LOG] SystemI::createSoundInternal             : exinfo->inclusionlist      = 00000000FC80F5FC
[LOG] SystemI::createSoundInternal             : exinfo->inclusionlistnum   = 1
[LOG] SystemI::createSoundInternal             : exinfo->suggestedsoundtype = 5
[LOG] SystemI::createSoundInternal             : exinfo->useropen           = 00007FFA5E24E310
[LOG] SystemI::createSoundInternal             : exinfo->userclose          = 00007FFA5E24E2E0
[LOG] SystemI::createSoundInternal             : exinfo->userread           = 00007FFA5E24E3E0
[LOG] SystemI::createSoundInternal             : exinfo->userseek           = 00007FFA5E24E490
[LOG] SystemI::createSoundInternal             : exinfo->fileuserdata       = 00000000C1F30858
[LOG] SystemI::createSoundInternal             : exinfo->initialseekpostype = 1
[LOG] SystemI::DSPCodecPoolRegister            : register codec pool for pool type 5
[LOG] SystemI::createSoundInternal             : Sample 0/1: name='Footsteps 2', format=2, channels=2, frequency=48000, lengthbytes=7968, lengthpcm=24674, pcmblocksize=0, loopstart=0, loopend=0, mode=0x00000000, channelmask=0x00000000, channelorder=0, peakvolume=0.988500.
[LOG] SystemI::createSoundInternal             : Create name='', mode=0x02000202
[LOG] SystemI::createSoundInternal             : exinfo->cbsize             = 232
[LOG] SystemI::createSoundInternal             : exinfo->length             = 6259424
[LOG] SystemI::createSoundInternal             : exinfo->fileoffset         = 37024
[LOG] SystemI::createSoundInternal             : exinfo->numsubsounds       = 1
[LOG] SystemI::createSoundInternal             : exinfo->inclusionlist      = 00000000FC80F5FC
[LOG] SystemI::createSoundInternal             : exinfo->inclusionlistnum   = 1
[LOG] SystemI::createSoundInternal             : exinfo->suggestedsoundtype = 5
[LOG] SystemI::createSoundInternal             : exinfo->useropen           = 00007FFA5E24E310
[LOG] SystemI::createSoundInternal             : exinfo->userclose          = 00007FFA5E24E2E0
[LOG] SystemI::createSoundInternal             : exinfo->userread           = 00007FFA5E24E3E0
[LOG] SystemI::createSoundInternal             : exinfo->userseek           = 00007FFA5E24E490
[LOG] SystemI::createSoundInternal             : exinfo->fileuserdata       = 00000000C1F30858
[LOG] SystemI::createSoundInternal             : exinfo->initialseekpostype = 1
[LOG] SystemI::DSPCodecPoolRegister            : register codec pool for pool type 5
[LOG] SystemI::createSoundInternal             : Sample 0/1: name='Footsteps 4', format=2, channels=2, frequency=48000, lengthbytes=7488, lengthpcm=24274, pcmblocksize=0, loopstart=0, loopend=0, mode=0x00000000, channelmask=0x00000000, channelorder=0, peakvolume=0.516638.
[LOG] SystemI::createSoundInternal             : Create name='', mode=0x02000202
[LOG] SystemI::createSoundInternal             : exinfo->cbsize             = 232
[LOG] SystemI::createSoundInternal             : exinfo->length             = 6259424
[LOG] SystemI::createSoundInternal             : exinfo->fileoffset         = 37024
[LOG] SystemI::createSoundInternal             : exinfo->numsubsounds       = 1
[LOG] SystemI::createSoundInternal             : exinfo->inclusionlist      = 00000000FC80F5FC
[LOG] SystemI::createSoundInternal             : exinfo->inclusionlistnum   = 1
[LOG] SystemI::createSoundInternal             : exinfo->suggestedsoundtype = 5
[LOG] SystemI::createSoundInternal             : exinfo->useropen           = 00007FFA5E24E310
[LOG] SystemI::createSoundInternal             : exinfo->userclose          = 00007FFA5E24E2E0
[LOG] SystemI::createSoundInternal             : exinfo->userread           = 00007FFA5E24E3E0
[LOG] SystemI::createSoundInternal             : exinfo->userseek           = 00007FFA5E24E490
[LOG] SystemI::createSoundInternal             : exinfo->fileuserdata       = 00000000C1F30858
[LOG] SystemI::createSoundInternal             : exinfo->initialseekpostype = 1
[LOG] SystemI::DSPCodecPoolRegister            : register codec pool for pool type 5
[LOG] SystemI::createSoundInternal             : Sample 0/1: name='Footsteps 3', format=2, channels=2, frequency=48000, lengthbytes=7072, lengthpcm=22974, pcmblocksize=0, loopstart=0, loopend=0, mode=0x00000000, channelmask=0x00000000, channelorder=0, peakvolume=0.988500.
[LOG] SystemI::createSound                     : filename = Assets\FMOD Stuff\Audio\Build\Desktop/Master Bank.bank : mode 02010082
[LOG] SystemI::createSound                     : FMOD_NONBLOCKING specified.  Putting into queue to be opened asynchronously!
[LOG] SystemI::createSound                     : setdata soundi = 000000008E98A358 : node = 000000003409C8C0
[LOG] SystemI::createSound                     : add node to async list : head = 00000000A89FF6E8.  list count = 0
[LOG] AsyncThread::threadFunc                  : Starting Asynchronous operation on sound 000000008E98A358
[LOG] SystemI::createSoundInternal             :     Create name='Assets\FMOD Stuff\Audio\Build\Desktop/Master Bank.bank', mode=0x02010082
[LOG] SystemI::createSoundInternal             :     exinfo->cbsize             = 232
[LOG] SystemI::createSoundInternal             :     exinfo->length             = 6259424
[LOG] SystemI::createSoundInternal             :     exinfo->fileoffset         = 37024
[LOG] SystemI::createSoundInternal             :     exinfo->numsubsounds       = 1
[LOG] SystemI::createSoundInternal             :     exinfo->inclusionlist      = 000000003409C9D8
[LOG] SystemI::createSoundInternal             :     exinfo->inclusionlistnum   = 1
[LOG] SystemI::createSoundInternal             :     exinfo->suggestedsoundtype = 5
[LOG] SystemI::createSoundInternal             :     exinfo->initialseekposition = 15311
[LOG] SystemI::createSoundInternal             :     exinfo->initialseekpostype = 1
[LOG] SystemI::createSoundInternal             :     Stream 0/1: name='332163__ivolipa__hammering-rock', format=2, channels=2, frequency=48000, lengthbytes=853024, lengthpcm=3305920, pcmblocksize=0, loopstart=0, loopend=0, mode=0x00000000, channelmask=0x00000000, channelorder=0, peakvolume=1.000000.
[LOG] AsyncThread::threadFunc                  : Finished Asynchronous operation on sound 000000008E98A358
[LOG] SoundI::getSubSound                      : sound 000000008E98A358.  Subsound index 0 / 1
[LOG] SystemI::createSound                     : filename = Assets\FMOD Stuff\Audio\Build\Desktop/Master Bank.bank : mode 02010082
[LOG] SystemI::createSound                     : FMOD_NONBLOCKING specified.  Putting into queue to be opened asynchronously!
[LOG] SystemI::createSound                     : setdata soundi = 000000008E989FF8 : node = 000000003409BF90
[LOG] SystemI::createSound                     : add node to async list : head = 00000000A89FF6E8.  list count = 0
[LOG] AsyncThread::threadFunc                  : Starting Asynchronous operation on sound 000000008E989FF8
[LOG] SystemI::createSoundInternal             :     Create name='Assets\FMOD Stuff\Audio\Build\Desktop/Master Bank.bank', mode=0x02010082
[LOG] SystemI::createSoundInternal             :     exinfo->cbsize             = 232
[LOG] SystemI::createSoundInternal             :     exinfo->length             = 6259424
[LOG] SystemI::createSoundInternal             :     exinfo->fileoffset         = 37024
[LOG] SystemI::createSoundInternal             :     exinfo->numsubsounds       = 1
[LOG] SystemI::createSoundInternal             :     exinfo->inclusionlist      = 000000003409C0A8
[LOG] SystemI::createSoundInternal             :     exinfo->inclusionlistnum   = 1
[LOG] SystemI::createSoundInternal             :     exinfo->suggestedsoundtype = 5
[LOG] SystemI::createSoundInternal             :     exinfo->initialseekposition = 41000
[LOG] SystemI::createSoundInternal             :     exinfo->initialseekpostype = 1
[LOG] SystemI::createSoundInternal             :     Stream 0/1: name='Wind', format=2, channels=2, frequency=48000, lengthbytes=2514496, lengthpcm=15648000, pcmblocksize=0, loopstart=0, loopend=0, mode=0x00000000, channelmask=0x00000000, channelorder=0, peakvolume=0.988500.
[LOG] AsyncThread::threadFunc                  : Finished Asynchronous operation on sound 000000008E989FF8
[LOG] SoundI::getSubSound                      : sound 000000008E989FF8.  Subsound index 0 / 1
[LOG] SoundI::release                          : 332163__ivolipa__hammering-rock (000000008E98A358)
[LOG] SoundI::release                          :     332163__ivolipa__hammering-rock (00000000434FCF38)
[LOG] SoundI::release                          :     332163__ivolipa__hammering-rock (000000008E98ABC8)
[LOG] SystemI::createSound                     : filename = Assets\FMOD Stuff\Audio\Build\Desktop/Master Bank.bank : mode 02010082
[LOG] SystemI::createSound                     : FMOD_NONBLOCKING specified.  Putting into queue to be opened asynchronously!
[LOG] SystemI::createSound                     : setdata soundi = 000000008E98A358 : node = 000000003409CB60
[LOG] SystemI::createSound                     : add node to async list : head = 00000000A89FF6E8.  list count = 0
[LOG] AsyncThread::threadFunc                  : Starting Asynchronous operation on sound 000000008E98A358
[LOG] SystemI::createSoundInternal             :     Create name='Assets\FMOD Stuff\Audio\Build\Desktop/Master Bank.bank', mode=0x02010082
[LOG] SystemI::createSoundInternal             :     exinfo->cbsize             = 232
[LOG] SystemI::createSoundInternal             :     exinfo->length             = 6259424
[LOG] SystemI::createSoundInternal             :     exinfo->fileoffset         = 37024
[LOG] SystemI::createSoundInternal             :     exinfo->numsubsounds       = 1
[LOG] SystemI::createSoundInternal             :     exinfo->inclusionlist      = 000000003409CC78
[LOG] SystemI::createSoundInternal             :     exinfo->inclusionlistnum   = 1
[LOG] SystemI::createSoundInternal             :     exinfo->suggestedsoundtype = 5
[LOG] SystemI::createSoundInternal             :     exinfo->initialseekposition = 15311
[LOG] SystemI::createSoundInternal             :     exinfo->initialseekpostype = 1
[LOG] SystemI::createSoundInternal             :     Stream 0/1: name='332163__ivolipa__hammering-rock', format=2, channels=2, frequency=48000, lengthbytes=853024, lengthpcm=3305920, pcmblocksize=0, loopstart=0, loopend=0, mode=0x00000000, channelmask=0x00000000, channelorder=0, peakvolume=1.000000.
[LOG] AsyncThread::threadFunc                  : Finished Asynchronous operation on sound 000000008E98A358
[LOG] SoundI::getSubSound                      : sound 000000008E98A358.  Subsound index 0 / 1
[LOG] Manager::readBank                        : fileversion = 100, compatVersion = 99 (oldest = 44, newest = 100)
[LOG] SoundI::release                          : 332163__ivolipa__hammering-rock (000000008E98A358)
[LOG] SoundI::release                          :     332163__ivolipa__hammering-rock (00000000A89FED78)
[LOG] SoundI::release                          :     332163__ivolipa__hammering-rock (000000008E98A6B8)
[LOG] SystemI::createSound                     : filename = Assets\FMOD Stuff\Audio\Build\Desktop/Master Bank.bank : mode 02010082
[LOG] SystemI::createSound                     : FMOD_NONBLOCKING specified.  Putting into queue to be opened asynchronously!
[LOG] SystemI::createSound                     : setdata soundi = 000000008E98A358 : node = 000000003409C0E0
[LOG] SystemI::createSound                     : add node to async list : head = 00000000A89FF6E8.  list count = 0
[LOG] AsyncThread::threadFunc                  : Starting Asynchronous operation on sound 000000008E98A358
[LOG] SystemI::createSoundInternal             :     Create name='Assets\FMOD Stuff\Audio\Build\Desktop/Master Bank.bank', mode=0x02010082
[LOG] SystemI::createSoundInternal             :     exinfo->cbsize             = 232
[LOG] SystemI::createSoundInternal             :     exinfo->length             = 6259424
[LOG] SystemI::createSoundInternal             :     exinfo->fileoffset         = 37024
[LOG] SystemI::createSoundInternal             :     exinfo->numsubsounds       = 1
[LOG] SystemI::createSoundInternal             :     exinfo->inclusionlist      = 000000003409C1F8
[LOG] SystemI::createSoundInternal             :     exinfo->inclusionlistnum   = 1
[LOG] SystemI::createSoundInternal             :     exinfo->suggestedsoundtype = 5
[LOG] SystemI::createSoundInternal             :     exinfo->initialseekposition = 15311
[LOG] SystemI::createSoundInternal             :     exinfo->initialseekpostype = 1
[LOG] SystemI::createSoundInternal             :     Stream 0/1: name='332163__ivolipa__hammering-rock', format=2, channels=2, frequency=48000, lengthbytes=853024, lengthpcm=3305920, pcmblocksize=0, loopstart=0, loopend=0, mode=0x00000000, channelmask=0x00000000, channelorder=0, peakvolume=1.000000.
[LOG] AsyncThread::threadFunc                  : Finished Asynchronous operation on sound 000000008E98A358
[LOG] SoundI::getSubSound                      : sound 000000008E98A358.  Subsound index 0 / 1
[LOG] SoundI::release                          : 332163__ivolipa__hammering-rock (000000008E98A358)
[LOG] SoundI::release                          :     332163__ivolipa__hammering-rock (00000000A89FEBD8)
[LOG] SoundI::release                          :     332163__ivolipa__hammering-rock (000000008E98A6B8)
[LOG] SoundI::release                          : Wind (000000008E989FF8)
[LOG] SoundI::release                          :     Wind (00000000A89FF738)
[LOG] SoundI::release                          :     Wind (000000008E98A508)
[LOG] SystemI::createSound                     : filename = Assets\FMOD Stuff\Audio\Build\Desktop/Master Bank.bank : mode 02010082
[LOG] SystemI::createSound                     : FMOD_NONBLOCKING specified.  Putting into queue to be opened asynchronously!
[LOG] SystemI::createSound                     : setdata soundi = 000000008E989FF8 : node = 000000003409BF90
[LOG] SystemI::createSound                     : add node to async list : head = 00000000A89FF6E8.  list count = 0
[LOG] AsyncThread::threadFunc                  : Starting Asynchronous operation on sound 000000008E989FF8
[LOG] SystemI::createSoundInternal             :     Create name='Assets\FMOD Stuff\Audio\Build\Desktop/Master Bank.bank', mode=0x02010082
[LOG] SystemI::createSoundInternal             :     exinfo->cbsize             = 232
[LOG] SystemI::createSoundInternal             :     exinfo->length             = 6259424
[LOG] SystemI::createSoundInternal             :     exinfo->fileoffset         = 37024
[LOG] SystemI::createSoundInternal             :     exinfo->numsubsounds       = 1
[LOG] SystemI::createSoundInternal             :     exinfo->inclusionlist      = 000000003409C0A8
[LOG] SystemI::createSoundInternal             :     exinfo->inclusionlistnum   = 1
[LOG] SystemI::createSoundInternal             :     exinfo->suggestedsoundtype = 5
[LOG] SystemI::createSoundInternal             :     exinfo->initialseekposition = 15311
[LOG] SystemI::createSoundInternal             :     exinfo->initialseekpostype = 1
[LOG] SystemI::createSoundInternal             :     Stream 0/1: name='332163__ivolipa__hammering-rock', format=2, channels=2, frequency=48000, lengthbytes=853024, lengthpcm=3305920, pcmblocksize=0, loopstart=0, loopend=0, mode=0x00000000, channelmask=0x00000000, channelorder=0, peakvolume=1.000000.
[LOG] AsyncThread::threadFunc                  : Finished Asynchronous operation on sound 000000008E989FF8
[LOG] SoundI::getSubSound                      : sound 000000008E989FF8.  Subsound index 0 / 1
[LOG] SoundI::release                          : 332163__ivolipa__hammering-rock (000000008E989FF8)
[LOG] SoundI::release                          :     332163__ivolipa__hammering-rock (00000000A89FF258)
[LOG] SoundI::release                          :     332163__ivolipa__hammering-rock (000000008E98ABC8)
[LOG] Manager::readBank                        : fileversion = 100, compatVersion = 99 (oldest = 44, newest = 100)
[LOG] Manager::readBank                        : fileversion = 100, compatVersion = 99 (oldest = 44, newest = 100)
[LOG] SoundI::release                          : Fire (000000008E98B5E8)
[LOG] SoundI::release                          :     Fire (00000000434899F8)
[LOG] SoundI::release                          :     Fire (000000008E98AA18)
[LOG] SoundI::release                          : Wind (000000008E98BAF8)
[LOG] SoundI::release                          :     Wind (00000000434FDF78)
[LOG] SoundI::release                          :     Wind (000000008E98A1A8)
[LOG] SoundI::release                          : Daytime Music Extended (000000008E98B948)
[LOG] SoundI::release                          :     Daytime Music Extended (00000000434FD8F8)
[LOG] SoundI::release                          :     Daytime Music Extended (000000008E98AF28)
[LOG] SoundI::release                          :  (00000000A89DEED8)
[LOG] SoundI::release                          :     Landing (00000000434FE118)
[LOG] SoundI::release                          :  (00000000A89DD7D8)
[LOG] SoundI::release                          :     Footsteps 1 (00000000434FCD98)
[LOG] SoundI::release                          :  (00000000A89DED68)
[LOG] SoundI::release                          :     Footsteps 2 (00000000434FE798)
[LOG] SoundI::release                          :  (00000000A89DEBF8)
[LOG] SoundI::release                          :     Footsteps 3 (00000000434FD0D8)
[LOG] SoundI::release                          :  (00000000A89DDC28)
[LOG] SoundI::release                          :     Footsteps 4 (00000000434FCA58)
[LOG] SoundI::release                          :  (00000000A89DE7A8)
[LOG] SoundI::release                          :     Footsteps 5 (00000000434FE2B8)
[LOG] SoundI::release                          :  (00000000A89DE638)
[LOG] SoundI::release                          :     Creepy Wind (000000004348A898)
[LOG] SoundI::release                          :  (00000000A89DD4F8)
[LOG] SoundI::release                          :     Hurt (00000000434FDDD8)
[LOG] Thread::callback                         : FMOD Studio update thread finished.
[LOG] Thread::callback                         : FMOD Studio bank load thread finished.
[LOG] Profile::disconnectAll                   : Profiler disconnecting all clients
[LOG] Thread::callback                         : FMOD Studio sample load thread finished.
[LOG] LiveUpdate::release                      : 
[LOG] LiveUpdate::reset                        : Reset connection (reason Disconnected)
[LOG] Thread::callback                         : FMOD stream thread finished.
[LOG] Thread::callback                         : FMOD mixer thread finished.
[LOG] Profile::disconnectAll                   : Profiler disconnecting all clients
[LOG] SystemI::close                           : Closed.
[LOG] Manager::readBank                        : fileversion = 100, compatVersion = 99 (oldest = 44, newest = 100)
[LOG] Manager::readBank                        : fileversion = 100, compatVersion = 99 (oldest = 44, newest = 100)
[LOG] Manager::readBank                        : fileversion = 100, compatVersion = 99 (oldest = 44, newest = 100)
[LOG] Manager::readBank                        : fileversion = 100, compatVersion = 99 (oldest = 44, newest = 100)
[LOG] Manager::readBank                        : fileversion = 100, compatVersion = 99 (oldest = 44, newest = 100)
[LOG] Manager::readBank                        : fileversion = 100, compatVersion = 99 (oldest = 44, newest = 100)
[LOG] PlaybackSystem::acquireMasterBus         : Setting master channel group format to 6
